c:\users\44165\desktop\final_projecct2020\meshviewer_project-stu\meshviewer\debug\vc142.pdb
c:\users\44165\desktop\final_projecct2020\meshviewer_project-stu\meshviewer\debug\vc142.idb
c:\users\44165\desktop\final_projecct2020\meshviewer_project-stu\meshviewer\debug\read_write.obj
c:\users\44165\desktop\final_projecct2020\meshviewer_project-stu\meshviewer\debug\exkernelt.obj
c:\users\44165\desktop\final_projecct2020\meshviewer_project-stu\meshviewer\debug\kernelt.obj
c:\users\44165\desktop\final_projecct2020\meshviewer_project-stu\meshviewer\debug\basehandle.obj
c:\users\44165\desktop\final_projecct2020\meshviewer_project-stu\meshviewer\debug\meshviewer.obj
c:\users\44165\desktop\final_projecct2020\meshviewer_project-stu\debug\meshviewer.ilk
c:\users\44165\desktop\final_projecct2020\meshviewer_project-stu\debug\meshviewer.exe
c:\users\44165\desktop\final_projecct2020\meshviewer_project-stu\meshviewer\debug\meshviewer.exe.intermediate.manifest
c:\users\44165\desktop\final_projecct2020\meshviewer_project-stu\debug\meshviewer.pdb
c:\users\44165\desktop\final_projecct2020\meshviewer_project-stu\debug\meshviewer.exe.manifest
c:\users\44165\desktop\final_projecct2020\meshviewer_project-stu\meshviewer\debug\meshviewer.tlog\cl.command.1.tlog
c:\users\44165\desktop\final_projecct2020\meshviewer_project-stu\meshviewer\debug\meshviewer.tlog\cl.read.1.tlog
c:\users\44165\desktop\final_projecct2020\meshviewer_project-stu\meshviewer\debug\meshviewer.tlog\cl.write.1.tlog
c:\users\44165\desktop\final_projecct2020\meshviewer_project-stu\meshviewer\debug\meshviewer.tlog\link.command.1.tlog
c:\users\44165\desktop\final_projecct2020\meshviewer_project-stu\meshviewer\debug\meshviewer.tlog\link.read.1.tlog
c:\users\44165\desktop\final_projecct2020\meshviewer_project-stu\meshviewer\debug\meshviewer.tlog\link.write.1.tlog
c:\users\44165\desktop\final_projecct2020\meshviewer_project-stu\meshviewer\debug\meshviewer.tlog\mt.command.1.tlog
c:\users\44165\desktop\final_projecct2020\meshviewer_project-stu\meshviewer\debug\meshviewer.tlog\mt.read.1.tlog
c:\users\44165\desktop\final_projecct2020\meshviewer_project-stu\meshviewer\debug\meshviewer.tlog\mt.write.1.tlog
